-------------------------------------------------------------------------------
Test set: AVLTree_ESTest
-------------------------------------------------------------------------------
Tests run: 36, Failures: 0, Errors: 1, Skipped: 0, Time elapsed: 2.656 sec <<< FAILURE!
test02(AVLTree_ESTest)  Time elapsed: 0.024 sec  <<< ERROR!
java.lang.StackOverflowError
	at AVLTree.insert(AVLTree.java:46)
	at AVLTree.insert(AVLTree.java:51)
	at AVLTree.insert(AVLTree.java:51)
	at AVLTree.insert(AVLTree.java:51)
	at AVLTree.insert(AVLTree.java:51)
	at AVLTree.insert(AVLTree.java:51)
	at AVLTree.insert(AVLTree.java:51)
	at AVLTree.insert(AVLTree.java:51)
	at AVLTree.insert(AVLTree.java:51)
	at AVLTree.insert(AVLTree.java:51)
	at AVLTree.insert(AVLTree.java:51)
	at AVLTree.insert(AVLTree.java:51)
	at AVLTree.insert(AVLTree.java:51)
	at AVLTree.insert(AVLTree.java:51)
	at AVLTree.insert(AVLTree.java:51)
	at AVLTree.insert(AVLTree.java:51)
	at AVLTree.insert(AVLTree.java:51)
	at AVLTree.insert(AVLTree.java:51)
	at AVLTree.insert(AVLTree.java:51)
	at AVLTree.insert(AVLTree.java:51)
	at AVLTree.insert(AVLTree.java:51)
	at AVLTree.insert(AVLTree.java:51)
	at AVLTree.insert(AVLTree.java:51)
	at AVLTree.insert(AVLTree.java:51)
	at AVLTree.insert(AVLTree.java:51)
	at AVLTree.insert(AVLTree.java:51)
	at AVLTree.insert(AVLTree.java:51)
	at AVLTree.insert(AVLTree.java:51)
	at AVLTree.insert(AVLTree.java:51)
	at AVLTree.insert(AVLTree.java:51)
	at AVLTree.insert(AVLTree.java:51)
	at AVLTree.insert(AVLTree.java:51)
	at AVLTree.insert(AVLTree.java:51)
	at AVLTree.insert(AVLTree.java:51)
	at AVLTree.insert(AVLTree.java:51)
	at AVLTree.insert(AVLTree.java:51)
	at AVLTree.insert(AVLTree.java:51)
	at AVLTree.insert(AVLTree.java:51)
	at AVLTree.insert(AVLTree.java:51)
	at AVLTree.insert(AVLTree.java:51)
	at AVLTree.insert(AVLTree.java:51)
	at AVLTree.insert(AVLTree.java:51)
	at AVLTree.insert(AVLTree.java:51)
	at AVLTree.insert(AVLTree.java:51)
	at AVLTree.insert(AVLTree.java:51)
	at AVLTree.insert(AVLTree.java:51)
	at AVLTree.insert(AVLTree.java:51)
	at AVLTree.insert(AVLTree.java:51)
	at AVLTree.insert(AVLTree.java:51)
	at AVLTree.insert(AVLTree.java:51)
	at AVLTree.insert(AVLTree.java:51)
	at AVLTree.insert(AVLTree.java:51)
	at AVLTree.insert(AVLTree.java:51)
	at AVLTree.insert(AVLTree.java:51)
	at AVLTree.insert(AVLTree.java:51)
	at AVLTree.insert(AVLTree.java:51)
	at AVLTree.insert(AVLTree.java:51)
	at AVLTree.insert(AVLTree.java:51)
	at AVLTree.insert(AVLTree.java:51)
	at AVLTree.insert(AVLTree.java:51)
	at AVLTree.insert(AVLTree.java:51)
	at AVLTree.insert(AVLTree.java:51)
	at AVLTree.insert(AVLTree.java:51)
	at AVLTree.insert(AVLTree.java:51)
	at AVLTree.insert(AVLTree.java:51)
	at AVLTree.insert(AVLTree.java:51)
	at AVLTree.insert(AVLTree.java:51)
	at AVLTree.insert(AVLTree.java:51)
	at AVLTree.insert(AVLTree.java:51)
	at AVLTree.insert(AVLTree.java:51)
	at AVLTree.insert(AVLTree.java:51)
	at AVLTree.insert(AVLTree.java:51)
	at AVLTree.insert(AVLTree.java:51)
	at AVLTree.insert(AVLTree.java:51)
	at AVLTree.insert(AVLTree.java:51)
	at AVLTree.insert(AVLTree.java:51)
	at AVLTree.insert(AVLTree.java:51)
	at AVLTree.insert(AVLTree.java:51)
	at AVLTree.insert(AVLTree.java:51)
	at AVLTree.insert(AVLTree.java:51)
	at AVLTree.insert(AVLTree.java:51)
	at AVLTree.insert(AVLTree.java:51)
	at AVLTree.insert(AVLTree.java:51)
	at AVLTree.insert(AVLTree.java:51)
	at AVLTree.insert(AVLTree.java:51)
	at AVLTree.insert(AVLTree.java:51)
	at AVLTree.insert(AVLTree.java:51)
	at AVLTree.insert(AVLTree.java:51)
	at AVLTree.insert(AVLTree.java:51)
	at AVLTree.insert(AVLTree.java:51)
	at AVLTree.insert(AVLTree.java:51)
	at AVLTree.insert(AVLTree.java:51)
	at AVLTree.insert(AVLTree.java:51)
	at AVLTree.insert(AVLTree.java:51)
	at AVLTree.insert(AVLTree.java:51)
	at AVLTree.insert(AVLTree.java:51)
	at AVLTree.insert(AVLTree.java:51)
	at AVLTree.insert(AVLTree.java:51)
	at AVLTree.insert(AVLTree.java:51)
	at AVLTree.insert(AVLTree.java:51)
	at AVLTree.insert(AVLTree.java:51)
	at AVLTree.insert(AVLTree.java:51)
	at AVLTree.insert(AVLTree.java:51)
	at AVLTree.insert(AVLTree.java:51)
	at AVLTree.insert(AVLTree.java:51)
	at AVLTree.insert(AVLTree.java:51)
	at AVLTree.insert(AVLTree.java:51)
	at AVLTree.insert(AVLTree.java:51)
	at AVLTree.insert(AVLTree.java:51)
	at AVLTree.insert(AVLTree.java:51)
	at AVLTree.insert(AVLTree.java:51)
	at AVLTree.insert(AVLTree.java:51)
	at AVLTree.insert(AVLTree.java:51)
	at AVLTree.insert(AVLTree.java:51)
	at AVLTree.insert(AVLTree.java:51)
	at AVLTree.insert(AVLTree.java:51)
	at AVLTree.insert(AVLTree.java:51)
	at AVLTree.insert(AVLTree.java:51)
	at AVLTree.insert(AVLTree.java:51)
	at AVLTree.insert(AVLTree.java:51)
	at AVLTree.insert(AVLTree.java:51)
	at AVLTree.insert(AVLTree.java:51)
	at AVLTree.insert(AVLTree.java:51)
	at AVLTree.insert(AVLTree.java:51)
	at AVLTree.insert(AVLTree.java:51)
	at AVLTree.insert(AVLTree.java:51)
	at AVLTree.insert(AVLTree.java:51)
	at AVLTree.insert(AVLTree.java:51)
	at AVLTree.insert(AVLTree.java:51)
	at AVLTree.insert(AVLTree.java:51)
	at AVLTree.insert(AVLTree.java:51)
	at AVLTree.insert(AVLTree.java:51)
	at AVLTree.insert(AVLTree.java:51)
	at AVLTree.insert(AVLTree.java:51)
	at AVLTree.insert(AVLTree.java:51)
	at AVLTree.insert(AVLTree.java:51)
	at AVLTree.insert(AVLTree.java:51)
	at AVLTree.insert(AVLTree.java:51)
	at AVLTree.insert(AVLTree.java:51)
	at AVLTree.insert(AVLTree.java:51)
	at AVLTree.insert(AVLTree.java:51)
	at AVLTree.insert(AVLTree.java:51)
	at AVLTree.insert(AVLTree.java:51)
	at AVLTree.insert(AVLTree.java:51)
	at AVLTree.insert(AVLTree.java:51)
	at AVLTree.insert(AVLTree.java:51)
	at AVLTree.insert(AVLTree.java:51)
	at AVLTree.insert(AVLTree.java:51)
	at AVLTree.insert(AVLTree.java:51)
	at AVLTree.insert(AVLTree.java:51)
	at AVLTree.insert(AVLTree.java:51)
	at AVLTree.insert(AVLTree.java:51)
	at AVLTree.insert(AVLTree.java:51)
	at AVLTree.insert(AVLTree.java:51)
	at AVLTree.insert(AVLTree.java:51)
	at AVLTree.insert(AVLTree.java:51)
	at AVLTree.insert(AVLTree.java:51)
	at AVLTree.insert(AVLTree.java:51)
	at AVLTree.insert(AVLTree.java:51)
	at AVLTree.insert(AVLTree.java:51)
	at AVLTree.insert(AVLTree.java:51)
	at AVLTree.insert(AVLTree.java:51)
	at AVLTree.insert(AVLTree.java:51)
	at AVLTree.insert(AVLTree.java:51)
	at AVLTree.insert(AVLTree.java:51)
	at AVLTree.insert(AVLTree.java:51)
	at AVLTree.insert(AVLTree.java:51)
	at AVLTree.insert(AVLTree.java:51)
	at AVLTree.insert(AVLTree.java:51)
	at AVLTree.insert(AVLTree.java:51)
	at AVLTree.insert(AVLTree.java:51)
	at AVLTree.insert(AVLTree.java:51)
	at AVLTree.insert(AVLTree.java:51)
	at AVLTree.insert(AVLTree.java:51)
	at AVLTree.insert(AVLTree.java:51)
	at AVLTree.insert(AVLTree.java:51)
	at AVLTree.insert(AVLTree.java:51)
	at AVLTree.insert(AVLTree.java:51)
	at AVLTree.insert(AVLTree.java:51)
	at AVLTree.insert(AVLTree.java:51)
	at AVLTree.insert(AVLTree.java:51)
	at AVLTree.insert(AVLTree.java:51)
	at AVLTree.insert(AVLTree.java:51)
	at AVLTree.insert(AVLTree.java:51)
	at AVLTree.insert(AVLTree.java:51)
	at AVLTree.insert(AVLTree.java:51)
	at AVLTree.insert(AVLTree.java:51)
	at AVLTree.insert(AVLTree.java:51)
	at AVLTree.insert(AVLTree.java:51)
	at AVLTree.insert(AVLTree.java:51)
	at AVLTree.insert(AVLTree.java:51)
	at AVLTree.insert(AVLTree.java:51)
	at AVLTree.insert(AVLTree.java:51)
	at AVLTree.insert(AVLTree.java:51)
	at AVLTree.insert(AVLTree.java:51)
	at AVLTree.insert(AVLTree.java:51)
	at AVLTree.insert(AVLTree.java:51)
	at AVLTree.insert(AVLTree.java:51)
	at AVLTree.insert(AVLTree.java:51)
	at AVLTree.insert(AVLTree.java:51)
	at AVLTree.insert(AVLTree.java:51)
	at AVLTree.insert(AVLTree.java:51)
	at AVLTree.insert(AVLTree.java:51)
	at AVLTree.insert(AVLTree.java:51)
	at AVLTree.insert(AVLTree.java:51)
	at AVLTree.insert(AVLTree.java:51)
	at AVLTree.insert(AVLTree.java:51)
	at AVLTree.insert(AVLTree.java:51)
	at AVLTree.insert(AVLTree.java:51)
	at AVLTree.insert(AVLTree.java:51)
	at AVLTree.insert(AVLTree.java:51)
	at AVLTree.insert(AVLTree.java:51)
	at AVLTree.insert(AVLTree.java:51)
	at AVLTree.insert(AVLTree.java:51)
	at AVLTree.insert(AVLTree.java:51)
	at AVLTree.insert(AVLTree.java:51)
	at AVLTree.insert(AVLTree.java:51)
	at AVLTree.insert(AVLTree.java:51)
	at AVLTree.insert(AVLTree.java:51)
	at AVLTree.insert(AVLTree.java:51)
	at AVLTree.insert(AVLTree.java:51)
	at AVLTree.insert(AVLTree.java:51)
	at AVLTree.insert(AVLTree.java:51)
	at AVLTree.insert(AVLTree.java:51)
	at AVLTree.insert(AVLTree.java:51)
	at AVLTree.insert(AVLTree.java:51)
	at AVLTree.insert(AVLTree.java:51)
	at AVLTree.insert(AVLTree.java:51)
	at AVLTree.insert(AVLTree.java:51)
	at AVLTree.insert(AVLTree.java:51)
	at AVLTree.insert(AVLTree.java:51)
	at AVLTree.insert(AVLTree.java:51)
	at AVLTree.insert(AVLTree.java:51)
	at AVLTree.insert(AVLTree.java:51)
	at AVLTree.insert(AVLTree.java:51)
	at AVLTree.insert(AVLTree.java:51)
	at AVLTree.insert(AVLTree.java:51)
	at AVLTree.insert(AVLTree.java:51)
	at AVLTree.insert(AVLTree.java:51)
	at AVLTree.insert(AVLTree.java:51)
	at AVLTree.insert(AVLTree.java:51)
	at AVLTree.insert(AVLTree.java:51)
	at AVLTree.insert(AVLTree.java:51)
	at AVLTree.insert(AVLTree.java:51)
	at AVLTree.insert(AVLTree.java:51)
	at AVLTree.insert(AVLTree.java:51)
	at AVLTree.insert(AVLTree.java:51)
	at AVLTree.insert(AVLTree.java:51)
	at AVLTree.insert(AVLTree.java:51)
	at AVLTree.insert(AVLTree.java:51)
	at AVLTree.insert(AVLTree.java:51)
	at AVLTree.insert(AVLTree.java:51)
	at AVLTree.insert(AVLTree.java:51)
	at AVLTree.insert(AVLTree.java:51)
	at AVLTree.insert(AVLTree.java:51)
	at AVLTree.insert(AVLTree.java:51)
	at AVLTree.insert(AVLTree.java:51)
	at AVLTree.insert(AVLTree.java:51)
	at AVLTree.insert(AVLTree.java:51)
	at AVLTree.insert(AVLTree.java:51)
	at AVLTree.insert(AVLTree.java:51)
	at AVLTree.insert(AVLTree.java:51)
	at AVLTree.insert(AVLTree.java:51)
	at AVLTree.insert(AVLTree.java:51)
	at AVLTree.insert(AVLTree.java:51)
	at AVLTree.insert(AVLTree.java:51)
	at AVLTree.insert(AVLTree.java:51)
	at AVLTree.insert(AVLTree.java:51)
	at AVLTree.insert(AVLTree.java:51)
	at AVLTree.insert(AVLTree.java:51)
	at AVLTree.insert(AVLTree.java:51)
	at AVLTree.insert(AVLTree.java:51)
	at AVLTree.insert(AVLTree.java:51)
	at AVLTree.insert(AVLTree.java:51)
	at AVLTree.insert(AVLTree.java:51)
	at AVLTree.insert(AVLTree.java:51)
	at AVLTree.insert(AVLTree.java:51)
	at AVLTree.insert(AVLTree.java:51)
	at AVLTree.insert(AVLTree.java:51)
	at AVLTree.insert(AVLTree.java:51)
	at AVLTree.insert(AVLTree.java:51)
	at AVLTree.insert(AVLTree.java:51)
	at AVLTree.insert(AVLTree.java:51)
	at AVLTree.insert(AVLTree.java:51)
	at AVLTree.insert(AVLTree.java:51)
	at AVLTree.insert(AVLTree.java:51)
	at AVLTree.insert(AVLTree.java:51)
	at AVLTree.insert(AVLTree.java:51)
	at AVLTree.insert(AVLTree.java:51)
	at AVLTree.insert(AVLTree.java:51)
	at AVLTree.insert(AVLTree.java:51)
	at AVLTree.insert(AVLTree.java:51)
	at AVLTree.insert(AVLTree.java:51)
	at AVLTree.insert(AVLTree.java:51)
	at AVLTree.insert(AVLTree.java:51)
	at AVLTree.insert(AVLTree.java:51)
	at AVLTree.insert(AVLTree.java:51)
	at AVLTree.insert(AVLTree.java:51)
	at AVLTree.insert(AVLTree.java:51)
	at AVLTree.insert(AVLTree.java:51)
	at AVLTree.insert(AVLTree.java:51)
	at AVLTree.insert(AVLTree.java:51)
	at AVLTree.insert(AVLTree.java:51)
	at AVLTree.insert(AVLTree.java:51)
	at AVLTree.insert(AVLTree.java:51)
	at AVLTree.insert(AVLTree.java:51)
	at AVLTree.insert(AVLTree.java:51)
	at AVLTree.insert(AVLTree.java:51)
	at AVLTree.insert(AVLTree.java:51)
	at AVLTree.insert(AVLTree.java:51)
	at AVLTree.insert(AVLTree.java:51)
	at AVLTree.insert(AVLTree.java:51)
	at AVLTree.insert(AVLTree.java:51)
	at AVLTree.insert(AVLTree.java:51)
	at AVLTree.insert(AVLTree.java:51)
	at AVLTree.insert(AVLTree.java:51)
	at AVLTree.insert(AVLTree.java:51)
	at AVLTree.insert(AVLTree.java:51)
	at AVLTree.insert(AVLTree.java:51)
	at AVLTree.insert(AVLTree.java:51)
	at AVLTree.insert(AVLTree.java:51)
	at AVLTree.insert(AVLTree.java:51)
	at AVLTree.insert(AVLTree.java:51)
	at AVLTree.insert(AVLTree.java:51)
	at AVLTree.insert(AVLTree.java:51)
	at AVLTree.insert(AVLTree.java:51)
	at AVLTree.insert(AVLTree.java:51)
	at AVLTree.insert(AVLTree.java:51)
	at AVLTree.insert(AVLTree.java:51)
	at AVLTree.insert(AVLTree.java:51)
	at AVLTree.insert(AVLTree.java:51)
	at AVLTree.insert(AVLTree.java:51)
	at AVLTree.insert(AVLTree.java:51)
	at AVLTree.insert(AVLTree.java:51)
	at AVLTree.insert(AVLTree.java:51)
	at AVLTree.insert(AVLTree.java:51)
	at AVLTree.insert(AVLTree.java:51)
	at AVLTree.insert(AVLTree.java:51)
	at AVLTree.insert(AVLTree.java:51)
	at AVLTree.insert(AVLTree.java:51)
	at AVLTree.insert(AVLTree.java:51)
	at AVLTree.insert(AVLTree.java:51)
	at AVLTree.insert(AVLTree.java:51)
	at AVLTree.insert(AVLTree.java:51)
	at AVLTree.insert(AVLTree.java:51)
	at AVLTree.insert(AVLTree.java:51)
	at AVLTree.insert(AVLTree.java:51)
	at AVLTree.insert(AVLTree.java:51)
	at AVLTree.insert(AVLTree.java:51)
	at AVLTree.insert(AVLTree.java:51)
	at AVLTree.insert(AVLTree.java:51)
	at AVLTree.insert(AVLTree.java:51)
	at AVLTree.insert(AVLTree.java:51)
	at AVLTree.insert(AVLTree.java:51)
	at AVLTree.insert(AVLTree.java:51)
	at AVLTree.insert(AVLTree.java:51)
	at AVLTree.insert(AVLTree.java:51)
	at AVLTree.insert(AVLTree.java:51)
	at AVLTree.insert(AVLTree.java:51)
	at AVLTree.insert(AVLTree.java:51)
	at AVLTree.insert(AVLTree.java:51)
	at AVLTree.insert(AVLTree.java:51)
	at AVLTree.insert(AVLTree.java:51)
	at AVLTree.insert(AVLTree.java:51)
	at AVLTree.insert(AVLTree.java:51)
	at AVLTree.insert(AVLTree.java:51)
	at AVLTree.insert(AVLTree.java:51)
	at AVLTree.insert(AVLTree.java:51)
	at AVLTree.insert(AVLTree.java:51)
	at AVLTree.insert(AVLTree.java:51)
	at AVLTree.insert(AVLTree.java:51)
	at AVLTree.insert(AVLTree.java:51)
	at AVLTree.insert(AVLTree.java:51)
	at AVLTree.insert(AVLTree.java:51)
	at AVLTree.insert(AVLTree.java:51)
	at AVLTree.insert(AVLTree.java:51)
	at AVLTree.insert(AVLTree.java:51)
	at AVLTree.insert(AVLTree.java:51)
	at AVLTree.insert(AVLTree.java:51)
	at AVLTree.insert(AVLTree.java:51)
	at AVLTree.insert(AVLTree.java:51)
	at AVLTree.insert(AVLTree.java:51)
	at AVLTree.insert(AVLTree.java:51)
	at AVLTree.insert(AVLTree.java:51)
	at AVLTree.insert(AVLTree.java:51)
	at AVLTree.insert(AVLTree.java:51)
	at AVLTree.insert(AVLTree.java:51)
	at AVLTree.insert(AVLTree.java:51)
	at AVLTree.insert(AVLTree.java:51)
	at AVLTree.insert(AVLTree.java:51)
	at AVLTree.insert(AVLTree.java:51)
	at AVLTree.insert(AVLTree.java:51)
	at AVLTree.insert(AVLTree.java:51)
	at AVLTree.insert(AVLTree.java:51)
	at AVLTree.insert(AVLTree.java:51)
	at AVLTree.insert(AVLTree.java:51)
	at AVLTree.insert(AVLTree.java:51)
	at AVLTree.insert(AVLTree.java:51)
	at AVLTree.insert(AVLTree.java:51)
	at AVLTree.insert(AVLTree.java:51)
	at AVLTree.insert(AVLTree.java:51)
	at AVLTree.insert(AVLTree.java:51)
	at AVLTree.insert(AVLTree.java:51)
	at AVLTree.insert(AVLTree.java:51)
	at AVLTree.insert(AVLTree.java:51)
	at AVLTree.insert(AVLTree.java:51)
	at AVLTree.insert(AVLTree.java:51)
	at AVLTree.insert(AVLTree.java:51)
	at AVLTree.insert(AVLTree.java:51)
	at AVLTree.insert(AVLTree.java:51)
	at AVLTree.insert(AVLTree.java:51)
	at AVLTree.insert(AVLTree.java:51)
	at AVLTree.insert(AVLTree.java:51)
	at AVLTree.insert(AVLTree.java:51)
	at AVLTree.insert(AVLTree.java:51)
	at AVLTree.insert(AVLTree.java:51)
	at AVLTree.insert(AVLTree.java:51)
	at AVLTree.insert(AVLTree.java:51)
	at AVLTree.insert(AVLTree.java:51)
	at AVLTree.insert(AVLTree.java:51)
	at AVLTree.insert(AVLTree.java:51)
	at AVLTree.insert(AVLTree.java:51)
	at AVLTree.insert(AVLTree.java:51)
	at AVLTree.insert(AVLTree.java:51)
	at AVLTree.insert(AVLTree.java:51)
	at AVLTree.insert(AVLTree.java:51)
	at AVLTree.insert(AVLTree.java:51)
	at AVLTree.insert(AVLTree.java:51)
	at AVLTree.insert(AVLTree.java:51)
	at AVLTree.insert(AVLTree.java:51)
	at AVLTree.insert(AVLTree.java:51)
	at AVLTree.insert(AVLTree.java:51)
	at AVLTree.insert(AVLTree.java:51)
	at AVLTree.insert(AVLTree.java:51)
	at AVLTree.insert(AVLTree.java:51)
	at AVLTree.insert(AVLTree.java:51)
	at AVLTree.insert(AVLTree.java:51)
	at AVLTree.insert(AVLTree.java:51)
	at AVLTree.insert(AVLTree.java:51)
	at AVLTree.insert(AVLTree.java:51)
	at AVLTree.insert(AVLTree.java:51)
	at AVLTree.insert(AVLTree.java:51)
	at AVLTree.insert(AVLTree.java:51)
	at AVLTree.insert(AVLTree.java:51)
	at AVLTree.insert(AVLTree.java:51)
	at AVLTree.insert(AVLTree.java:51)
	at AVLTree.insert(AVLTree.java:51)
	at AVLTree.insert(AVLTree.java:51)
	at AVLTree.insert(AVLTree.java:51)
	at AVLTree.insert(AVLTree.java:51)
	at AVLTree.insert(AVLTree.java:51)
	at AVLTree.insert(AVLTree.java:51)
	at AVLTree.insert(AVLTree.java:51)
	at AVLTree.insert(AVLTree.java:51)
	at AVLTree.insert(AVLTree.java:51)
	at AVLTree.insert(AVLTree.java:51)
	at AVLTree.insert(AVLTree.java:51)
	at AVLTree.insert(AVLTree.java:51)
	at AVLTree.insert(AVLTree.java:51)
	at AVLTree.insert(AVLTree.java:51)
	at AVLTree.insert(AVLTree.java:51)
	at AVLTree.insert(AVLTree.java:51)
	at AVLTree.insert(AVLTree.java:51)
	at AVLTree.insert(AVLTree.java:51)
	at AVLTree.insert(AVLTree.java:51)
	at AVLTree.insert(AVLTree.java:51)
	at AVLTree.insert(AVLTree.java:51)
	at AVLTree.insert(AVLTree.java:51)
	at AVLTree.insert(AVLTree.java:51)
	at AVLTree.insert(AVLTree.java:51)
	at AVLTree.insert(AVLTree.java:51)
	at AVLTree.insert(AVLTree.java:51)
	at AVLTree.insert(AVLTree.java:51)
	at AVLTree.insert(AVLTree.java:51)
	at AVLTree.insert(AVLTree.java:51)
	at AVLTree.insert(AVLTree.java:51)
	at AVLTree.insert(AVLTree.java:51)
	at AVLTree.insert(AVLTree.java:51)
	at AVLTree.insert(AVLTree.java:51)
	at AVLTree.insert(AVLTree.java:51)
	at AVLTree.insert(AVLTree.java:51)
	at AVLTree.insert(AVLTree.java:51)
	at AVLTree.insert(AVLTree.java:51)
	at AVLTree.insert(AVLTree.java:51)
	at AVLTree.insert(AVLTree.java:51)
	at AVLTree.insert(AVLTree.java:51)
	at AVLTree.insert(AVLTree.java:51)
	at AVLTree.insert(AVLTree.java:51)
	at AVLTree.insert(AVLTree.java:51)
	at AVLTree.insert(AVLTree.java:51)
	at AVLTree.insert(AVLTree.java:51)
	at AVLTree.insert(AVLTree.java:51)
	at AVLTree.insert(AVLTree.java:51)
	at AVLTree.insert(AVLTree.java:51)
	at AVLTree.insert(AVLTree.java:51)
	at AVLTree.insert(AVLTree.java:51)
	at AVLTree.insert(AVLTree.java:51)
	at AVLTree.insert(AVLTree.java:51)
	at AVLTree.insert(AVLTree.java:51)
	at AVLTree.insert(AVLTree.java:51)
	at AVLTree.insert(AVLTree.java:51)
	at AVLTree.insert(AVLTree.java:51)
	at AVLTree.insert(AVLTree.java:51)
	at AVLTree.insert(AVLTree.java:51)
	at AVLTree.insert(AVLTree.java:51)
	at AVLTree.insert(AVLTree.java:51)
	at AVLTree.insert(AVLTree.java:51)
	at AVLTree.insert(AVLTree.java:51)
	at AVLTree.insert(AVLTree.java:51)
	at AVLTree.insert(AVLTree.java:51)
	at AVLTree.insert(AVLTree.java:51)
	at AVLTree.insert(AVLTree.java:51)
	at AVLTree.insert(AVLTree.java:51)
	at AVLTree.insert(AVLTree.java:51)
	at AVLTree.insert(AVLTree.java:51)
	at AVLTree.insert(AVLTree.java:51)
	at AVLTree.insert(AVLTree.java:51)
	at AVLTree.insert(AVLTree.java:51)
	at AVLTree.insert(AVLTree.java:51)
	at AVLTree.insert(AVLTree.java:51)
	at AVLTree.insert(AVLTree.java:51)
	at AVLTree.insert(AVLTree.java:51)
	at AVLTree.insert(AVLTree.java:51)
	at AVLTree.insert(AVLTree.java:51)
	at AVLTree.insert(AVLTree.java:51)
	at AVLTree.insert(AVLTree.java:51)
	at AVLTree.insert(AVLTree.java:51)
	at AVLTree.insert(AVLTree.java:51)
	at AVLTree.insert(AVLTree.java:51)
	at AVLTree.insert(AVLTree.java:51)
	at AVLTree.insert(AVLTree.java:51)
	at AVLTree.insert(AVLTree.java:51)
	at AVLTree.insert(AVLTree.java:51)
	at AVLTree.insert(AVLTree.java:51)
	at AVLTree.insert(AVLTree.java:51)
	at AVLTree.insert(AVLTree.java:51)
	at AVLTree.insert(AVLTree.java:51)
	at AVLTree.insert(AVLTree.java:51)
	at AVLTree.insert(AVLTree.java:51)
	at AVLTree.insert(AVLTree.java:51)
	at AVLTree.insert(AVLTree.java:51)
	at AVLTree.insert(AVLTree.java:51)
	at AVLTree.insert(AVLTree.java:51)
	at AVLTree.insert(AVLTree.java:51)
	at AVLTree.insert(AVLTree.java:51)
	at AVLTree.insert(AVLTree.java:51)
	at AVLTree.insert(AVLTree.java:51)
	at AVLTree.insert(AVLTree.java:51)
	at AVLTree.insert(AVLTree.java:51)
	at AVLTree.insert(AVLTree.java:51)
	at AVLTree.insert(AVLTree.java:51)
	at AVLTree.insert(AVLTree.java:51)
	at AVLTree.insert(AVLTree.java:51)
	at AVLTree.insert(AVLTree.java:51)
	at AVLTree.insert(AVLTree.java:51)
	at AVLTree.insert(AVLTree.java:51)
	at AVLTree.insert(AVLTree.java:51)
	at AVLTree.insert(AVLTree.java:51)
	at AVLTree.insert(AVLTree.java:51)
	at AVLTree.insert(AVLTree.java:51)
	at AVLTree.insert(AVLTree.java:51)
	at AVLTree.insert(AVLTree.java:51)
	at AVLTree.insert(AVLTree.java:51)
	at AVLTree.insert(AVLTree.java:51)
	at AVLTree.insert(AVLTree.java:51)
	at AVLTree.insert(AVLTree.java:51)
	at AVLTree.insert(AVLTree.java:51)
	at AVLTree.insert(AVLTree.java:51)
	at AVLTree.insert(AVLTree.java:51)
	at AVLTree.insert(AVLTree.java:51)
	at AVLTree.insert(AVLTree.java:51)
	at AVLTree.insert(AVLTree.java:51)
	at AVLTree.insert(AVLTree.java:51)
	at AVLTree.insert(AVLTree.java:51)
	at AVLTree.insert(AVLTree.java:51)
	at AVLTree.insert(AVLTree.java:51)
	at AVLTree.insert(AVLTree.java:51)
	at AVLTree.insert(AVLTree.java:51)
	at AVLTree.insert(AVLTree.java:51)
	at AVLTree.insert(AVLTree.java:51)
	at AVLTree.insert(AVLTree.java:51)
	at AVLTree.insert(AVLTree.java:51)
	at AVLTree.insert(AVLTree.java:51)
	at AVLTree.insert(AVLTree.java:51)
	at AVLTree.insert(AVLTree.java:51)
	at AVLTree.insert(AVLTree.java:51)
	at AVLTree.insert(AVLTree.java:51)
	at AVLTree.insert(AVLTree.java:51)
	at AVLTree.insert(AVLTree.java:51)
	at AVLTree.insert(AVLTree.java:51)
	at AVLTree.insert(AVLTree.java:51)
	at AVLTree.insert(AVLTree.java:51)
	at AVLTree.insert(AVLTree.java:51)
	at AVLTree.insert(AVLTree.java:51)
	at AVLTree.insert(AVLTree.java:51)
	at AVLTree.insert(AVLTree.java:51)
	at AVLTree.insert(AVLTree.java:51)
	at AVLTree.insert(AVLTree.java:51)
	at AVLTree.insert(AVLTree.java:51)
	at AVLTree.insert(AVLTree.java:51)
	at AVLTree.insert(AVLTree.java:51)
	at AVLTree.insert(AVLTree.java:51)
	at AVLTree.insert(AVLTree.java:51)
	at AVLTree.insert(AVLTree.java:51)
	at AVLTree.insert(AVLTree.java:51)
	at AVLTree.insert(AVLTree.java:51)
	at AVLTree.insert(AVLTree.java:51)
	at AVLTree.insert(AVLTree.java:51)
	at AVLTree.insert(AVLTree.java:51)
	at AVLTree.insert(AVLTree.java:51)
	at AVLTree.insert(AVLTree.java:51)
	at AVLTree.insert(AVLTree.java:51)
	at AVLTree.insert(AVLTree.java:51)
	at AVLTree.insert(AVLTree.java:51)
	at AVLTree.insert(AVLTree.java:51)
	at AVLTree.insert(AVLTree.java:51)
	at AVLTree.insert(AVLTree.java:51)
	at AVLTree.insert(AVLTree.java:51)
	at AVLTree.insert(AVLTree.java:51)
	at AVLTree.insert(AVLTree.java:51)
	at AVLTree.insert(AVLTree.java:51)
	at AVLTree.insert(AVLTree.java:51)
	at AVLTree.insert(AVLTree.java:51)
	at AVLTree.insert(AVLTree.java:51)
	at AVLTree.insert(AVLTree.java:51)
	at AVLTree.insert(AVLTree.java:51)
	at AVLTree.insert(AVLTree.java:51)
	at AVLTree.insert(AVLTree.java:51)
	at AVLTree.insert(AVLTree.java:51)
	at AVLTree.insert(AVLTree.java:51)
	at AVLTree.insert(AVLTree.java:51)
	at AVLTree.insert(AVLTree.java:51)
	at AVLTree.insert(AVLTree.java:51)
	at AVLTree.insert(AVLTree.java:51)
	at AVLTree.insert(AVLTree.java:51)
	at AVLTree.insert(AVLTree.java:51)
	at AVLTree.insert(AVLTree.java:51)
	at AVLTree.insert(AVLTree.java:51)
	at AVLTree.insert(AVLTree.java:51)
	at AVLTree.insert(AVLTree.java:51)
	at AVLTree.insert(AVLTree.java:51)
	at AVLTree.insert(AVLTree.java:51)
	at AVLTree.insert(AVLTree.java:51)
	at AVLTree.insert(AVLTree.java:51)
	at AVLTree.insert(AVLTree.java:51)
	at AVLTree.insert(AVLTree.java:51)
	at AVLTree.insert(AVLTree.java:51)
	at AVLTree.insert(AVLTree.java:51)
	at AVLTree.insert(AVLTree.java:51)
	at AVLTree.insert(AVLTree.java:51)
	at AVLTree.insert(AVLTree.java:51)
	at AVLTree.insert(AVLTree.java:51)
	at AVLTree.insert(AVLTree.java:51)
	at AVLTree.insert(AVLTree.java:51)
	at AVLTree.insert(AVLTree.java:51)
	at AVLTree.insert(AVLTree.java:51)
	at AVLTree.insert(AVLTree.java:51)
	at AVLTree.insert(AVLTree.java:51)
	at AVLTree.insert(AVLTree.java:51)
	at AVLTree.insert(AVLTree.java:51)
	at AVLTree.insert(AVLTree.java:51)
	at AVLTree.insert(AVLTree.java:51)
	at AVLTree.insert(AVLTree.java:51)
	at AVLTree.insert(AVLTree.java:51)
	at AVLTree.insert(AVLTree.java:51)
	at AVLTree.insert(AVLTree.java:51)
	at AVLTree.insert(AVLTree.java:51)
	at AVLTree.insert(AVLTree.java:51)
	at AVLTree.insert(AVLTree.java:51)
	at AVLTree.insert(AVLTree.java:51)
	at AVLTree.insert(AVLTree.java:51)
	at AVLTree.insert(AVLTree.java:51)
	at AVLTree.insert(AVLTree.java:51)
	at AVLTree.insert(AVLTree.java:51)
	at AVLTree.insert(AVLTree.java:51)
	at AVLTree.insert(AVLTree.java:51)
	at AVLTree.insert(AVLTree.java:51)
	at AVLTree.insert(AVLTree.java:51)
	at AVLTree.insert(AVLTree.java:51)
	at AVLTree.insert(AVLTree.java:51)
	at AVLTree.insert(AVLTree.java:51)
	at AVLTree.insert(AVLTree.java:51)
	at AVLTree.insert(AVLTree.java:51)
	at AVLTree.insert(AVLTree.java:51)
	at AVLTree.insert(AVLTree.java:51)
	at AVLTree.insert(AVLTree.java:51)
	at AVLTree.insert(AVLTree.java:51)
	at AVLTree.insert(AVLTree.java:51)
	at AVLTree.insert(AVLTree.java:51)
	at AVLTree.insert(AVLTree.java:51)
	at AVLTree.insert(AVLTree.java:51)
	at AVLTree.insert(AVLTree.java:51)
	at AVLTree.insert(AVLTree.java:51)
	at AVLTree.insert(AVLTree.java:51)
	at AVLTree.insert(AVLTree.java:51)
	at AVLTree.insert(AVLTree.java:51)
	at AVLTree.insert(AVLTree.java:51)
	at AVLTree.insert(AVLTree.java:51)
	at AVLTree.insert(AVLTree.java:51)
	at AVLTree.insert(AVLTree.java:51)
	at AVLTree.insert(AVLTree.java:51)
	at AVLTree.insert(AVLTree.java:51)
	at AVLTree.insert(AVLTree.java:51)
	at AVLTree.insert(AVLTree.java:51)
	at AVLTree.insert(AVLTree.java:51)
	at AVLTree.insert(AVLTree.java:51)
	at AVLTree.insert(AVLTree.java:51)
	at AVLTree.insert(AVLTree.java:51)
	at AVLTree.insert(AVLTree.java:51)
	at AVLTree.insert(AVLTree.java:51)
	at AVLTree.insert(AVLTree.java:51)
	at AVLTree.insert(AVLTree.java:51)
	at AVLTree.insert(AVLTree.java:51)
	at AVLTree.insert(AVLTree.java:51)
	at AVLTree.insert(AVLTree.java:51)
	at AVLTree.insert(AVLTree.java:51)
	at AVLTree.insert(AVLTree.java:51)
	at AVLTree.insert(AVLTree.java:51)
	at AVLTree.insert(AVLTree.java:51)
	at AVLTree.insert(AVLTree.java:51)
	at AVLTree.insert(AVLTree.java:51)
	at AVLTree.insert(AVLTree.java:51)
	at AVLTree.insert(AVLTree.java:51)
	at AVLTree.insert(AVLTree.java:51)
	at AVLTree.insert(AVLTree.java:51)
	at AVLTree.insert(AVLTree.java:51)
	at AVLTree.insert(AVLTree.java:51)
	at AVLTree.insert(AVLTree.java:51)
	at AVLTree.insert(AVLTree.java:51)
	at AVLTree.insert(AVLTree.java:51)
	at AVLTree.insert(AVLTree.java:51)
	at AVLTree.insert(AVLTree.java:51)
	at AVLTree.insert(AVLTree.java:51)
	at AVLTree.insert(AVLTree.java:51)
	at AVLTree.insert(AVLTree.java:51)
	at AVLTree.insert(AVLTree.java:51)
	at AVLTree.insert(AVLTree.java:51)
	at AVLTree.insert(AVLTree.java:51)
	at AVLTree.insert(AVLTree.java:51)
	at AVLTree.insert(AVLTree.java:51)
	at AVLTree.insert(AVLTree.java:51)
	at AVLTree.insert(AVLTree.java:51)
	at AVLTree.insert(AVLTree.java:51)
	at AVLTree.insert(AVLTree.java:51)
	at AVLTree.insert(AVLTree.java:51)
	at AVLTree.insert(AVLTree.java:51)
	at AVLTree.insert(AVLTree.java:51)
	at AVLTree.insert(AVLTree.java:51)
	at AVLTree.insert(AVLTree.java:51)
	at AVLTree.insert(AVLTree.java:51)
	at AVLTree.insert(AVLTree.java:51)
	at AVLTree.insert(AVLTree.java:51)
	at AVLTree.insert(AVLTree.java:51)
	at AVLTree.insert(AVLTree.java:51)
	at AVLTree.insert(AVLTree.java:51)
	at AVLTree.insert(AVLTree.java:51)
	at AVLTree.insert(AVLTree.java:51)
	at AVLTree.insert(AVLTree.java:51)
	at AVLTree.insert(AVLTree.java:51)
	at AVLTree.insert(AVLTree.java:51)
	at AVLTree.insert(AVLTree.java:51)
	at AVLTree.insert(AVLTree.java:51)
	at AVLTree.insert(AVLTree.java:51)
	at AVLTree.insert(AVLTree.java:51)
	at AVLTree.insert(AVLTree.java:51)
	at AVLTree.insert(AVLTree.java:51)
	at AVLTree.insert(AVLTree.java:51)
	at AVLTree.insert(AVLTree.java:51)
	at AVLTree.insert(AVLTree.java:51)
	at AVLTree.insert(AVLTree.java:51)
	at AVLTree.insert(AVLTree.java:51)
	at AVLTree.insert(AVLTree.java:51)
	at AVLTree.insert(AVLTree.java:51)
	at AVLTree.insert(AVLTree.java:51)
	at AVLTree.insert(AVLTree.java:51)
	at AVLTree.insert(AVLTree.java:51)
	at AVLTree.insert(AVLTree.java:51)
	at AVLTree.insert(AVLTree.java:51)
	at AVLTree.insert(AVLTree.java:51)
	at AVLTree.insert(AVLTree.java:51)
	at AVLTree.insert(AVLTree.java:51)
	at AVLTree.insert(AVLTree.java:51)
	at AVLTree.insert(AVLTree.java:51)
	at AVLTree.insert(AVLTree.java:51)
	at AVLTree.insert(AVLTree.java:51)
	at AVLTree.insert(AVLTree.java:51)
	at AVLTree.insert(AVLTree.java:51)
	at AVLTree.insert(AVLTree.java:51)
	at AVLTree.insert(AVLTree.java:51)
	at AVLTree.insert(AVLTree.java:51)
	at AVLTree.insert(AVLTree.java:51)
	at AVLTree.insert(AVLTree.java:51)
	at AVLTree.insert(AVLTree.java:51)
	at AVLTree.insert(AVLTree.java:51)
	at AVLTree.insert(AVLTree.java:51)
	at AVLTree.insert(AVLTree.java:51)
	at AVLTree.insert(AVLTree.java:51)
	at AVLTree.insert(AVLTree.java:51)
	at AVLTree.insert(AVLTree.java:51)
	at AVLTree.insert(AVLTree.java:51)
	at AVLTree.insert(AVLTree.java:51)
	at AVLTree.insert(AVLTree.java:51)
	at AVLTree.insert(AVLTree.java:51)
	at AVLTree.insert(AVLTree.java:51)
	at AVLTree.insert(AVLTree.java:51)
	at AVLTree.insert(AVLTree.java:51)
	at AVLTree.insert(AVLTree.java:51)
	at AVLTree.insert(AVLTree.java:51)
	at AVLTree.insert(AVLTree.java:51)
	at AVLTree.insert(AVLTree.java:51)
	at AVLTree.insert(AVLTree.java:51)
	at AVLTree.insert(AVLTree.java:51)
	at AVLTree.insert(AVLTree.java:51)
	at AVLTree.insert(AVLTree.java:51)
	at AVLTree.insert(AVLTree.java:51)
	at AVLTree.insert(AVLTree.java:51)
	at AVLTree.insert(AVLTree.java:51)
	at AVLTree.insert(AVLTree.java:51)
	at AVLTree.insert(AVLTree.java:51)
	at AVLTree.insert(AVLTree.java:51)
	at AVLTree.insert(AVLTree.java:51)
	at AVLTree.insert(AVLTree.java:51)
	at AVLTree.insert(AVLTree.java:51)
	at AVLTree.insert(AVLTree.java:51)
	at AVLTree.insert(AVLTree.java:51)
	at AVLTree.insert(AVLTree.java:51)
	at AVLTree.insert(AVLTree.java:51)
	at AVLTree.insert(AVLTree.java:51)
	at AVLTree.insert(AVLTree.java:51)
	at AVLTree.insert(AVLTree.java:51)
	at AVLTree.insert(AVLTree.java:51)
	at AVLTree.insert(AVLTree.java:51)
	at AVLTree.insert(AVLTree.java:51)
	at AVLTree.insert(AVLTree.java:51)
	at AVLTree.insert(AVLTree.java:51)
	at AVLTree.insert(AVLTree.java:51)
	at AVLTree.insert(AVLTree.java:51)
	at AVLTree.insert(AVLTree.java:51)
	at AVLTree.insert(AVLTree.java:51)
	at AVLTree.insert(AVLTree.java:51)
	at AVLTree.insert(AVLTree.java:51)
	at AVLTree.insert(AVLTree.java:51)
	at AVLTree.insert(AVLTree.java:51)
	at AVLTree.insert(AVLTree.java:51)
	at AVLTree.insert(AVLTree.java:51)
	at AVLTree.insert(AVLTree.java:51)
	at AVLTree.insert(AVLTree.java:51)
	at AVLTree.insert(AVLTree.java:51)
	at AVLTree.insert(AVLTree.java:51)
	at AVLTree.insert(AVLTree.java:51)
	at AVLTree.insert(AVLTree.java:51)
	at AVLTree.insert(AVLTree.java:51)
	at AVLTree.insert(AVLTree.java:51)
	at AVLTree.insert(AVLTree.java:51)
	at AVLTree.insert(AVLTree.java:51)
	at AVLTree.insert(AVLTree.java:51)
	at AVLTree.insert(AVLTree.java:51)
	at AVLTree.insert(AVLTree.java:51)
	at AVLTree.insert(AVLTree.java:51)
	at AVLTree.insert(AVLTree.java:51)
	at AVLTree.insert(AVLTree.java:51)
	at AVLTree.insert(AVLTree.java:51)
	at AVLTree.insert(AVLTree.java:51)
	at AVLTree.insert(AVLTree.java:51)
	at AVLTree.insert(AVLTree.java:51)
	at AVLTree.insert(AVLTree.java:51)
	at AVLTree.insert(AVLTree.java:51)
	at AVLTree.insert(AVLTree.java:51)
	at AVLTree.insert(AVLTree.java:51)
	at AVLTree.insert(AVLTree.java:51)
	at AVLTree.insert(AVLTree.java:51)
	at AVLTree.insert(AVLTree.java:51)
	at AVLTree.insert(AVLTree.java:51)
	at AVLTree.insert(AVLTree.java:51)
	at AVLTree.insert(AVLTree.java:51)
	at AVLTree.insert(AVLTree.java:51)
	at AVLTree.insert(AVLTree.java:51)
	at AVLTree.insert(AVLTree.java:51)
	at AVLTree.insert(AVLTree.java:51)
	at AVLTree.insert(AVLTree.java:51)
	at AVLTree.insert(AVLTree.java:51)
	at AVLTree.insert(AVLTree.java:51)
	at AVLTree.insert(AVLTree.java:51)
	at AVLTree.insert(AVLTree.java:51)
	at AVLTree.insert(AVLTree.java:51)
	at AVLTree.insert(AVLTree.java:51)
	at AVLTree.insert(AVLTree.java:51)
	at AVLTree.insert(AVLTree.java:51)
	at AVLTree.insert(AVLTree.java:51)
	at AVLTree.insert(AVLTree.java:51)
	at AVLTree.insert(AVLTree.java:51)
	at AVLTree.insert(AVLTree.java:51)
	at AVLTree.insert(AVLTree.java:51)
	at AVLTree.insert(AVLTree.java:51)
	at AVLTree.insert(AVLTree.java:51)
	at AVLTree.insert(AVLTree.java:51)
	at AVLTree.insert(AVLTree.java:51)
	at AVLTree.insert(AVLTree.java:51)
	at AVLTree.insert(AVLTree.java:51)
	at AVLTree.insert(AVLTree.java:51)
	at AVLTree.insert(AVLTree.java:51)
	at AVLTree.insert(AVLTree.java:51)
	at AVLTree.insert(AVLTree.java:51)
	at AVLTree.insert(AVLTree.java:51)
	at AVLTree.insert(AVLTree.java:51)
	at AVLTree.insert(AVLTree.java:51)
	at AVLTree.insert(AVLTree.java:51)
	at AVLTree.insert(AVLTree.java:51)
	at AVLTree.insert(AVLTree.java:51)
	at AVLTree.insert(AVLTree.java:51)
	at AVLTree.insert(AVLTree.java:51)
	at AVLTree.insert(AVLTree.java:51)
	at AVLTree.insert(AVLTree.java:51)
	at AVLTree.insert(AVLTree.java:51)
	at AVLTree.insert(AVLTree.java:51)
	at AVLTree.insert(AVLTree.java:51)
	at AVLTree.insert(AVLTree.java:51)
	at AVLTree.insert(AVLTree.java:51)
	at AVLTree.insert(AVLTree.java:51)
	at AVLTree.insert(AVLTree.java:51)
	at AVLTree.insert(AVLTree.java:51)
	at AVLTree.insert(AVLTree.java:51)
	at AVLTree.insert(AVLTree.java:51)
	at AVLTree.insert(AVLTree.java:51)
	at AVLTree.insert(AVLTree.java:51)
	at AVLTree.insert(AVLTree.java:51)
	at AVLTree.insert(AVLTree.java:51)
	at AVLTree.insert(AVLTree.java:51)
	at AVLTree.insert(AVLTree.java:51)
	at AVLTree.insert(AVLTree.java:51)
	at AVLTree.insert(AVLTree.java:51)
	at AVLTree.insert(AVLTree.java:51)
	at AVLTree.insert(AVLTree.java:51)
	at AVLTree.insert(AVLTree.java:51)
	at AVLTree.insert(AVLTree.java:51)
	at AVLTree.insert(AVLTree.java:51)
	at AVLTree.insert(AVLTree.java:51)
	at AVLTree.insert(AVLTree.java:51)
	at AVLTree.insert(AVLTree.java:51)
	at AVLTree.insert(AVLTree.java:51)
	at AVLTree.insert(AVLTree.java:51)
	at AVLTree.insert(AVLTree.java:51)
	at AVLTree.insert(AVLTree.java:51)
	at AVLTree.insert(AVLTree.java:51)
	at AVLTree.insert(AVLTree.java:51)
	at AVLTree.insert(AVLTree.java:51)
	at AVLTree.insert(AVLTree.java:51)
	at AVLTree.insert(AVLTree.java:51)
	at AVLTree.insert(AVLTree.java:51)
	at AVLTree.insert(AVLTree.java:51)
	at AVLTree.insert(AVLTree.java:51)
	at AVLTree.insert(AVLTree.java:51)
	at AVLTree.insert(AVLTree.java:51)
	at AVLTree.insert(AVLTree.java:51)
	at AVLTree.insert(AVLTree.java:51)
	at AVLTree.insert(AVLTree.java:51)
	at AVLTree.insert(AVLTree.java:51)
	at AVLTree.insert(AVLTree.java:51)
	at AVLTree.insert(AVLTree.java:51)
	at AVLTree.insert(AVLTree.java:51)
	at AVLTree.insert(AVLTree.java:51)
	at AVLTree.insert(AVLTree.java:51)
	at AVLTree.insert(AVLTree.java:51)
	at AVLTree.insert(AVLTree.java:51)
	at AVLTree.insert(AVLTree.java:51)
	at AVLTree.insert(AVLTree.java:51)
	at AVLTree.insert(AVLTree.java:51)
	at AVLTree.insert(AVLTree.java:51)
	at AVLTree.insert(AVLTree.java:51)
	at AVLTree.insert(AVLTree.java:51)
	at AVLTree.insert(AVLTree.java:51)
	at AVLTree.insert(AVLTree.java:51)
	at AVLTree.insert(AVLTree.java:51)
	at AVLTree.insert(AVLTree.java:51)
	at AVLTree.insert(AVLTree.java:51)
	at AVLTree.insert(AVLTree.java:51)
	at AVLTree.insert(AVLTree.java:51)
	at AVLTree.insert(AVLTree.java:51)
	at AVLTree.insert(AVLTree.java:51)
	at AVLTree.insert(AVLTree.java:51)
	at AVLTree.insert(AVLTree.java:51)
	at AVLTree.insert(AVLTree.java:51)
	at AVLTree.insert(AVLTree.java:51)
	at AVLTree.insert(AVLTree.java:51)
	at AVLTree.insert(AVLTree.java:51)
	at AVLTree.insert(AVLTree.java:51)
	at AVLTree.insert(AVLTree.java:51)
	at AVLTree.insert(AVLTree.java:51)
	at AVLTree.insert(AVLTree.java:51)
	at AVLTree.insert(AVLTree.java:51)
	at AVLTree.insert(AVLTree.java:51)
	at AVLTree.insert(AVLTree.java:51)
	at AVLTree.insert(AVLTree.java:51)
	at AVLTree.insert(AVLTree.java:51)
	at AVLTree.insert(AVLTree.java:51)
	at AVLTree.insert(AVLTree.java:51)
	at AVLTree.insert(AVLTree.java:51)
	at AVLTree.insert(AVLTree.java:51)
	at AVLTree.insert(AVLTree.java:51)
	at AVLTree.insert(AVLTree.java:51)
	at AVLTree.insert(AVLTree.java:51)
	at AVLTree.insert(AVLTree.java:51)
	at AVLTree.insert(AVLTree.java:51)
	at AVLTree.insert(AVLTree.java:51)
	at AVLTree.insert(AVLTree.java:51)
	at AVLTree.insert(AVLTree.java:51)
	at AVLTree.insert(AVLTree.java:51)
	at AVLTree.insert(AVLTree.java:51)
	at AVLTree.insert(AVLTree.java:51)
	at AVLTree.insert(AVLTree.java:51)
	at AVLTree.insert(AVLTree.java:51)
	at AVLTree.insert(AVLTree.java:51)
	at AVLTree.insert(AVLTree.java:51)
	at AVLTree.insert(AVLTree.java:51)
	at AVLTree.insert(AVLTree.java:51)
	at AVLTree.insert(AVLTree.java:51)
	at AVLTree.insert(AVLTree.java:51)
	at AVLTree.insert(AVLTree.java:51)
	at AVLTree.insert(AVLTree.java:51)
	at AVLTree.insert(AVLTree.java:51)
	at AVLTree.insert(AVLTree.java:51)
	at AVLTree.insert(AVLTree.java:51)
	at AVLTree.insert(AVLTree.java:51)
	at AVLTree.insert(AVLTree.java:51)

